 Original data: 
     1.00000     0.00000
     1.00000     0.00000
     1.00000     0.00000
     1.00000     0.00000
     1.00000     0.00000
     1.00000     0.00000
     1.00000     0.00000
     1.00000     0.00000
     1.00000     0.00000
     1.00000     0.00000
     1.00000     0.00000
     0.00000     0.00000
     0.00000     0.00000
     0.00000     0.00000
     0.00000     0.00000
     0.00000     0.00000
     0.00000     0.00000
     0.00000     0.00000
     0.00000     0.00000
     0.00000     0.00000
     0.00000     0.00000
     0.00000     0.00000
     0.00000     0.00000
     0.00000     0.00000
     0.00000     0.00000
     0.00000     0.00000
     0.00000     0.00000
     0.00000     0.00000
     0.00000     0.00000
     0.00000     0.00000
     0.00000     0.00000
     0.00000     0.00000
     0.00000     0.00000
     0.00000     0.00000
     0.00000     0.00000
     0.00000     0.00000
     0.00000     0.00000
     0.00000     0.00000
     0.00000     0.00000
     0.00000     0.00000
     0.00000     0.00000
     0.00000     0.00000
     0.00000     0.00000
     0.00000     0.00000
     0.00000     0.00000
     0.00000     0.00000
     0.00000     0.00000
     0.00000     0.00000
     0.00000     0.00000
     0.00000     0.00000
     0.00000     0.00000
     0.00000     0.00000
     0.00000     0.00000
     0.00000     0.00000
     0.00000     0.00000
     0.00000     0.00000
     0.00000     0.00000
     0.00000     0.00000
     0.00000     0.00000
     0.00000     0.00000
     0.00000     0.00000
     0.00000     0.00000
     0.00000     0.00000
     0.00000     0.00000
     0.00000     0.00000
     0.00000     0.00000
     0.00000     0.00000
     0.00000     0.00000
     0.00000     0.00000
     0.00000     0.00000
     0.00000     0.00000
     0.00000     0.00000
     0.00000     0.00000
     0.00000     0.00000
     0.00000     0.00000
     0.00000     0.00000
     0.00000     0.00000
     0.00000     0.00000
     0.00000     0.00000
     0.00000     0.00000
     0.00000     0.00000
     0.00000     0.00000
     0.00000     0.00000
     0.00000     0.00000
     0.00000     0.00000
     0.00000     0.00000
     0.00000     0.00000
     0.00000     0.00000
     0.00000     0.00000
     0.00000     0.00000
     0.00000     0.00000
     0.00000     0.00000
     0.00000     0.00000
     0.00000     0.00000
     0.00000     0.00000
     0.00000     0.00000
     0.00000     0.00000
     0.00000     0.00000
     0.00000     0.00000
     0.00000     0.00000
     0.00000     0.00000
     0.00000     0.00000
     0.00000     0.00000
     0.00000     0.00000
     0.00000     0.00000
     0.00000     0.00000
     0.00000     0.00000
     0.00000     0.00000
     0.00000     0.00000
     0.00000     0.00000
     0.00000     0.00000
     0.00000     0.00000
     0.00000     0.00000
     0.00000     0.00000
     0.00000     0.00000
     0.00000     0.00000
     0.00000     0.00000
     0.00000     0.00000
     1.00000     0.00000
     1.00000     0.00000
     1.00000     0.00000
     1.00000     0.00000
     1.00000     0.00000
     1.00000     0.00000
     1.00000     0.00000
     1.00000     0.00000
     1.00000     0.00000
     1.00000     0.00000
 Transformed and normalized data: 
     1.85616     0.00000
     1.77524     0.00000
     1.54507     0.00000
     1.20115     0.00000
     0.79529     0.00000
     0.38630     0.00000
     0.02956     0.00000
    -0.23245     0.00000
    -0.37671     0.00000
    -0.40232     0.00000
    -0.32884     0.00000
    -0.19082     0.00000
    -0.02985     0.00000
     0.11419     0.00000
     0.21073     0.00000
     0.24375     0.00000
     0.21339     0.00000
     0.13419     0.00000
     0.03033     0.00000
    -0.07075     0.00000
    -0.14494     0.00000
    -0.17668     0.00000
    -0.16188     0.00000
    -0.10791     0.00000
    -0.03104     0.00000
     0.04815     0.00000
     0.10994     0.00000
     0.14018     0.00000
     0.13333     0.00000
     0.09331     0.00000
     0.03198     0.00000
    -0.03419     0.00000
    -0.08839     0.00000
    -0.11762     0.00000
    -0.11572     0.00000
    -0.08454     0.00000
    -0.03319     0.00000
     0.02457     0.00000
     0.07390     0.00000
     0.10265     0.00000
     0.10426     0.00000
     0.07922     0.00000
     0.03472     0.00000
    -0.01737     0.00000
    -0.06358     0.00000
    -0.09232     0.00000
    -0.09672     0.00000
    -0.07622     0.00000
    -0.03661     0.00000
     0.01160     0.00000
     0.05592     0.00000
     0.08510     0.00000
     0.09192     0.00000
     0.07498     0.00000
     0.03896     0.00000
    -0.00666     0.00000
    -0.05007     0.00000
    -0.08013     0.00000
    -0.08925     0.00000
    -0.07524     0.00000
    -0.04187     0.00000
     0.00218     0.00000
     0.04550     0.00000
     0.07693     0.00000
     0.08839     0.00000
     0.07693     0.00000
     0.04550     0.00000
     0.00218     0.00000
    -0.04187     0.00000
    -0.07524     0.00000
    -0.08925     0.00000
    -0.08013     0.00000
    -0.05007     0.00000
    -0.00666     0.00000
     0.03896     0.00000
     0.07498     0.00000
     0.09192     0.00000
     0.08510     0.00000
     0.05592     0.00000
     0.01160     0.00000
    -0.03661     0.00000
    -0.07622     0.00000
    -0.09672     0.00000
    -0.09232     0.00000
    -0.06358     0.00000
    -0.01737     0.00000
     0.03472     0.00000
     0.07922     0.00000
     0.10426     0.00000
     0.10265     0.00000
     0.07390     0.00000
     0.02457     0.00000
    -0.03319     0.00000
    -0.08454     0.00000
    -0.11572     0.00000
    -0.11762     0.00000
    -0.08839     0.00000
    -0.03419     0.00000
     0.03198     0.00000
     0.09331     0.00000
     0.13333     0.00000
     0.14018     0.00000
     0.10994     0.00000
     0.04815     0.00000
    -0.03104     0.00000
    -0.10791     0.00000
    -0.16188     0.00000
    -0.17668     0.00000
    -0.14494     0.00000
    -0.07075     0.00000
     0.03033     0.00000
     0.13419     0.00000
     0.21339     0.00000
     0.24375     0.00000
     0.21073     0.00000
     0.11419     0.00000
    -0.02985     0.00000
    -0.19082     0.00000
    -0.32884     0.00000
    -0.40232     0.00000
    -0.37671     0.00000
    -0.23245     0.00000
     0.02956     0.00000
     0.38630     0.00000
     0.79529     0.00000
     1.20115     0.00000
     1.54507     0.00000
     1.77524     0.00000
